<?xml version="1.0" encoding="UTF-8"?>
<!-- Generated by org.testng.reporters.JUnitXMLReporter -->
<testsuite hostname="user-ThinkPad-E470" name="LoginTest" tests="2" failures="0" timestamp="30 Oct 2017 12:13:25 GMT" time="307.558" errors="0">
  <testcase name="@BeforeClass Setup" time="0.0" classname="com.Circles.circlesAutomation.testScripts.TS002_NewOrderwithoutAddOn">
    <failure type="org.openqa.selenium.TimeoutException" message="Timeout loading page after 300000ms
Build info: version: &amp;apos;3.6.0&amp;apos;, revision: &amp;apos;6fbf3ec767&amp;apos;, time: &amp;apos;2017-09-27T15:28:36.4Z&amp;apos;
System info: host: &amp;apos;user-ThinkPad-E470&amp;apos;, ip: &amp;apos;127.0.1.1&amp;apos;, os.name: &amp;apos;Linux&amp;apos;, os.arch: &amp;apos;amd64&amp;apos;, os.version: &amp;apos;4.10.0-37-generic&amp;apos;, java.version: &amp;apos;1.8.0_131&amp;apos;
Driver info: org.openqa.selenium.firefox.FirefoxDriver
Capabilities [{moz:profile=/tmp/rust_mozprofile.T5FnHwiUWN7h, rotatable=false, timeouts={implicit=0, pageLoad=300000, script=30000}, pageLoadStrategy=normal, moz:headless=false, platform=LINUX, specificationLevel=0, moz:accessibilityChecks=false, acceptInsecureCerts=true, browserVersion=56.0, platformVersion=4.10.0-37-generic, moz:processID=3875, browserName=firefox, javascriptEnabled=true, platformName=LINUX}]
Session ID: c2884367-d550-41fd-800b-7e53c2b1cdf6">
      <![CDATA[org.openqa.selenium.TimeoutException: Timeout loading page after 300000ms
Build info: version: '3.6.0', revision: '6fbf3ec767', time: '2017-09-27T15:28:36.4Z'
System info: host: 'user-ThinkPad-E470', ip: '127.0.1.1', os.name: 'Linux', os.arch: 'amd64', os.version: '4.10.0-37-generic', java.version: '1.8.0_131'
Driver info: org.openqa.selenium.firefox.FirefoxDriver
Capabilities [{moz:profile=/tmp/rust_mozprofile.T5FnHwiUWN7h, rotatable=false, timeouts={implicit=0, pageLoad=300000, script=30000}, pageLoadStrategy=normal, moz:headless=false, platform=LINUX, specificationLevel=0, moz:accessibilityChecks=false, acceptInsecureCerts=true, browserVersion=56.0, platformVersion=4.10.0-37-generic, moz:processID=3875, browserName=firefox, javascriptEnabled=true, platformName=LINUX}]
Session ID: c2884367-d550-41fd-800b-7e53c2b1cdf6
	at org.openqa.selenium.remote.http.W3CHttpResponseCodec.createException(W3CHttpResponseCodec.java:185)
	at org.openqa.selenium.remote.http.W3CHttpResponseCodec.decode(W3CHttpResponseCodec.java:120)
	at org.openqa.selenium.remote.http.W3CHttpResponseCodec.decode(W3CHttpResponseCodec.java:49)
	at org.openqa.selenium.remote.HttpCommandExecutor.execute(HttpCommandExecutor.java:164)
	at org.openqa.selenium.remote.service.DriverCommandExecutor.execute(DriverCommandExecutor.java:83)
	at org.openqa.selenium.remote.RemoteWebDriver.execute(RemoteWebDriver.java:586)
	at org.openqa.selenium.remote.RemoteWebDriver.get(RemoteWebDriver.java:310)
	at com.Circles.circlesAutomation.testScripts.TS002_NewOrderwithoutAddOn.Setup(TS002_NewOrderwithoutAddOn.java:24)
... Removed 28 stack frames]]>
    </failure>
  </testcase> <!-- @BeforeClass Setup -->
  <testcase name="VerifyLogin" time="0.003" classname="com.Circles.circlesAutomation.testScripts.TS002_NewOrderwithoutAddOn">
    <skipped/>
  </testcase> <!-- VerifyLogin -->
  <testcase name="newOrderWithoutAddOn" time="0.003" classname="com.Circles.circlesAutomation.testScripts.TS002_NewOrderwithoutAddOn">
    <skipped/>
  </testcase> <!-- newOrderWithoutAddOn -->
</testsuite> <!-- LoginTest -->
